<?xml version="1.0" encoding="UTF-8" ?>
<testsuite failures="0" time="0.001" errors="0" skipped="0" tests="0" name="test.com.cheyooh.tools.http.RpcJsonTest">
  <properties>
    <property name="java.runtime.name" value="Java(TM) SE Runtime Environment"/>
    <property name="sun.boot.library.path" value="/Library/Java/JavaVirtualMachines/1.6.0.jdk/Contents/Libraries"/>
    <property name="java.vm.version" value="20.65-b04-468"/>
    <property name="awt.nativeDoubleBuffering" value="true"/>
    <property name="gopherProxySet" value="false"/>
    <property name="mrj.build" value="11M4833"/>
    <property name="java.vm.vendor" value="Apple Inc."/>
    <property name="java.vendor.url" value="http://www.apple.com/"/>
    <property name="path.separator" value=":"/>
    <property name="java.vm.name" value="Java HotSpot(TM) 64-Bit Server VM"/>
    <property name="file.encoding.pkg" value="sun.io"/>
    <property name="user.country" value="CN"/>
    <property name="sun.java.launcher" value="SUN_STANDARD"/>
    <property name="sun.os.patch.level" value="unknown"/>
    <property name="java.vm.specification.name" value="Java Virtual Machine Specification"/>
    <property name="user.dir" value="/Users/a/Documents/bird_pay_sdk/server/cs-commons/cs-tools"/>
    <property name="java.runtime.version" value="1.6.0_65-b14-468-11M4833"/>
    <property name="java.awt.graphicsenv" value="apple.awt.CGraphicsEnvironment"/>
    <property name="basedir" value="/Users/a/Documents/bird_pay_sdk/server/cs-commons/cs-tools"/>
    <property name="java.endorsed.dirs" value="/Library/Java/JavaVirtualMachines/1.6.0.jdk/Contents/Home/lib/endorsed"/>
    <property name="os.arch" value="x86_64"/>
    <property name="surefire.real.class.path" value="/Users/a/Documents/bird_pay_sdk/server/cs-commons/cs-tools/target/surefire/surefirebooter7617478526649551153.jar"/>
    <property name="java.io.tmpdir" value="/var/folders/9n/zng56lzx15n688jfrzvfppkr0000gn/T/"/>
    <property name="line.separator" value="
"/>
    <property name="java.vm.specification.vendor" value="Sun Microsystems Inc."/>
    <property name="os.name" value="Mac OS X"/>
    <property name="sun.jnu.encoding" value="EUC_CN"/>
    <property name="java.library.path" value=".:/Library/Java/Extensions:/System/Library/Java/Extensions:/usr/lib/java"/>
    <property name="surefire.test.class.path" value="/Users/a/Documents/bird_pay_sdk/server/cs-commons/cs-tools/target/test-classes:/Users/a/Documents/bird_pay_sdk/server/cs-commons/cs-tools/target/classes:/Users/a/.m2/repository/commons-beanutils/commons-beanutils/1.7.0/commons-beanutils-1.7.0.jar:/Users/a/.m2/repository/commons-logging/commons-logging/1.0.4/commons-logging-1.0.4.jar:/Users/a/.m2/repository/commons-configuration/commons-configuration/1.7/commons-configuration-1.7.jar:/Users/a/.m2/repository/commons-collections/commons-collections/3.2.1/commons-collections-3.2.1.jar:/Users/a/.m2/repository/commons-digester/commons-digester/1.8.1/commons-digester-1.8.1.jar:/Users/a/.m2/repository/commons-lang/commons-lang/2.2/commons-lang-2.2.jar:/Users/a/.m2/repository/commons-fileupload/commons-fileupload/1.3/commons-fileupload-1.3.jar:/Users/a/.m2/repository/commons-io/commons-io/2.2/commons-io-2.2.jar:/Users/a/.m2/repository/org/apache/httpcomponents/httpclient/4.2.2/httpclient-4.2.2.jar:/Users/a/.m2/repository/org/apache/httpcomponents/httpcore/4.2.2/httpcore-4.2.2.jar:/Users/a/.m2/repository/commons-codec/commons-codec/1.6/commons-codec-1.6.jar:/Users/a/.m2/repository/org/apache/httpcomponents/httpmime/4.2.2/httpmime-4.2.2.jar:/Users/a/.m2/repository/commons-httpclient/commons-httpclient/3.1/commons-httpclient-3.1.jar:/Users/a/.m2/repository/org/jdom/jdom/1.1.3/jdom-1.1.3.jar:/Users/a/.m2/repository/log4j/log4j/1.2.16/log4j-1.2.16.jar:"/>
    <property name="java.specification.name" value="Java Platform API Specification"/>
    <property name="java.class.version" value="50.0"/>
    <property name="sun.management.compiler" value="HotSpot 64-Bit Tiered Compilers"/>
    <property name="os.version" value="10.11.2"/>
    <property name="http.nonProxyHosts" value="local|*.local|169.254/16|*.169.254/16"/>
    <property name="user.home" value="/Users/a"/>
    <property name="user.timezone" value="Asia/Shanghai"/>
    <property name="java.awt.printerjob" value="apple.awt.CPrinterJob"/>
    <property name="java.specification.version" value="1.6"/>
    <property name="file.encoding" value="EUC_CN"/>
    <property name="log4j.dir" value="logs"/>
    <property name="user.name" value="a"/>
    <property name="java.class.path" value="/Users/a/Documents/bird_pay_sdk/server/cs-commons/cs-tools/target/test-classes:/Users/a/Documents/bird_pay_sdk/server/cs-commons/cs-tools/target/classes:/Users/a/.m2/repository/commons-beanutils/commons-beanutils/1.7.0/commons-beanutils-1.7.0.jar:/Users/a/.m2/repository/commons-logging/commons-logging/1.0.4/commons-logging-1.0.4.jar:/Users/a/.m2/repository/commons-configuration/commons-configuration/1.7/commons-configuration-1.7.jar:/Users/a/.m2/repository/commons-collections/commons-collections/3.2.1/commons-collections-3.2.1.jar:/Users/a/.m2/repository/commons-digester/commons-digester/1.8.1/commons-digester-1.8.1.jar:/Users/a/.m2/repository/commons-lang/commons-lang/2.2/commons-lang-2.2.jar:/Users/a/.m2/repository/commons-fileupload/commons-fileupload/1.3/commons-fileupload-1.3.jar:/Users/a/.m2/repository/commons-io/commons-io/2.2/commons-io-2.2.jar:/Users/a/.m2/repository/org/apache/httpcomponents/httpclient/4.2.2/httpclient-4.2.2.jar:/Users/a/.m2/repository/org/apache/httpcomponents/httpcore/4.2.2/httpcore-4.2.2.jar:/Users/a/.m2/repository/commons-codec/commons-codec/1.6/commons-codec-1.6.jar:/Users/a/.m2/repository/org/apache/httpcomponents/httpmime/4.2.2/httpmime-4.2.2.jar:/Users/a/.m2/repository/commons-httpclient/commons-httpclient/3.1/commons-httpclient-3.1.jar:/Users/a/.m2/repository/org/jdom/jdom/1.1.3/jdom-1.1.3.jar:/Users/a/.m2/repository/log4j/log4j/1.2.16/log4j-1.2.16.jar:"/>
    <property name="java.vm.specification.version" value="1.0"/>
    <property name="sun.arch.data.model" value="64"/>
    <property name="java.home" value="/Library/Java/JavaVirtualMachines/1.6.0.jdk/Contents/Home"/>
    <property name="sun.java.command" value="/Users/a/Documents/bird_pay_sdk/server/cs-commons/cs-tools/target/surefire/surefirebooter7617478526649551153.jar /Users/a/Documents/bird_pay_sdk/server/cs-commons/cs-tools/target/surefire/surefire1556742707378610579tmp /Users/a/Documents/bird_pay_sdk/server/cs-commons/cs-tools/target/surefire/surefire6849811007141191814tmp"/>
    <property name="java.specification.vendor" value="Sun Microsystems Inc."/>
    <property name="user.language" value="zh"/>
    <property name="awt.toolkit" value="apple.awt.CToolkit"/>
    <property name="java.vm.info" value="mixed mode"/>
    <property name="java.version" value="1.6.0_65"/>
    <property name="java.ext.dirs" value="/Library/Java/Extensions:/System/Library/Java/Extensions:/Library/Java/JavaVirtualMachines/1.6.0.jdk/Contents/Home/lib/ext"/>
    <property name="sun.boot.class.path" value="/Library/Java/JavaVirtualMachines/1.6.0.jdk/Contents/Classes/jsfd.jar:/Library/Java/JavaVirtualMachines/1.6.0.jdk/Contents/Classes/classes.jar:/System/Library/Frameworks/JavaVM.framework/Frameworks/JavaRuntimeSupport.framework/Resources/Java/JavaRuntimeSupport.jar:/Library/Java/JavaVirtualMachines/1.6.0.jdk/Contents/Classes/ui.jar:/Library/Java/JavaVirtualMachines/1.6.0.jdk/Contents/Classes/laf.jar:/Library/Java/JavaVirtualMachines/1.6.0.jdk/Contents/Classes/sunrsasign.jar:/Library/Java/JavaVirtualMachines/1.6.0.jdk/Contents/Classes/jsse.jar:/Library/Java/JavaVirtualMachines/1.6.0.jdk/Contents/Classes/jce.jar:/Library/Java/JavaVirtualMachines/1.6.0.jdk/Contents/Classes/charsets.jar"/>
    <property name="java.vendor" value="Apple Inc."/>
    <property name="localRepository" value="/Users/a/.m2/repository"/>
    <property name="file.separator" value="/"/>
    <property name="java.vendor.url.bug" value="http://bugreport.apple.com/"/>
    <property name="sun.cpu.endian" value="little"/>
    <property name="sun.io.unicode.encoding" value="UnicodeLittle"/>
    <property name="mrj.version" value="1070.1.6.0_65-468"/>
    <property name="socksNonProxyHosts" value="local|*.local|169.254/16|*.169.254/16"/>
    <property name="ftp.nonProxyHosts" value="local|*.local|169.254/16|*.169.254/16"/>
    <property name="sun.cpu.isalist" value=""/>
  </properties>
</testsuite>