<?xml version="1.0" encoding="UTF-8" ?>
<testsuite failures="0" time="0" errors="0" skipped="0" tests="0" name="test.com.cheyooh.tools.http.RpcJsonTest">
  <properties>
    <property name="java.runtime.name" value="Java(TM) SE Runtime Environment"/>
    <property name="sun.boot.library.path" value="/Applications/MyEclipse 2015/MyEclipse 2015.app/Contents/Profile/binary/com.sun.java.jdk7.macosx.x86_64_1.7.0.u45/jre/lib"/>
    <property name="java.vm.version" value="24.45-b08"/>
    <property name="gopherProxySet" value="false"/>
    <property name="java.vm.vendor" value="Oracle Corporation"/>
    <property name="java.vendor.url" value="http://java.oracle.com/"/>
    <property name="path.separator" value=":"/>
    <property name="guice.disable.misplaced.annotation.check" value="true"/>
    <property name="java.vm.name" value="Java HotSpot(TM) 64-Bit Server VM"/>
    <property name="file.encoding.pkg" value="sun.io"/>
    <property name="user.country" value="CN"/>
    <property name="sun.java.launcher" value="SUN_STANDARD"/>
    <property name="sun.os.patch.level" value="unknown"/>
    <property name="java.vm.specification.name" value="Java Virtual Machine Specification"/>
    <property name="user.dir" value="/Users/fzcheng/Documents/bird_pay_sdk/server/cs-commons/cs-tools"/>
    <property name="java.runtime.version" value="1.7.0_45-b18"/>
    <property name="java.awt.graphicsenv" value="sun.awt.CGraphicsEnvironment"/>
    <property name="java.endorsed.dirs" value="/Applications/MyEclipse 2015/MyEclipse 2015.app/Contents/Profile/binary/com.sun.java.jdk7.macosx.x86_64_1.7.0.u45/jre/lib/endorsed"/>
    <property name="os.arch" value="x86_64"/>
    <property name="java.io.tmpdir" value="/var/folders/4_/b1_1kcqs27j_5c_0_0225sb80000gn/T/"/>
    <property name="line.separator" value="
"/>
    <property name="java.vm.specification.vendor" value="Oracle Corporation"/>
    <property name="os.name" value="Mac OS X"/>
    <property name="classworlds.conf" value="/Users/fzcheng/Documents/project/yeelosdk/.metadata/.plugins/org.eclipse.m2e.launching/launches/m2conf8152826014608128695.tmp"/>
    <property name="sun.jnu.encoding" value="UTF-8"/>
    <property name="java.library.path" value="/Users/fzcheng/Library/Java/Extensions:/Library/Java/Extensions:/Network/Library/Java/Extensions:/System/Library/Java/Extensions:/usr/lib/java:."/>
    <property name="java.specification.name" value="Java Platform API Specification"/>
    <property name="java.class.version" value="51.0"/>
    <property name="sun.management.compiler" value="HotSpot 64-Bit Tiered Compilers"/>
    <property name="os.version" value="10.11.5"/>
    <property name="http.nonProxyHosts" value="local|*.local|169.254/16|*.169.254/16"/>
    <property name="user.home" value="/Users/fzcheng"/>
    <property name="user.timezone" value="Asia/Shanghai"/>
    <property name="java.awt.printerjob" value="sun.lwawt.macosx.CPrinterJob"/>
    <property name="java.specification.version" value="1.7"/>
    <property name="file.encoding" value="US-ASCII"/>
    <property name="user.name" value="fzcheng"/>
    <property name="java.class.path" value="/Applications/MyEclipse 2015/MyEclipse 2015.app/Contents/Profile/plugins/org.eclipse.m2e.maven.runtime_1.5.0.20140605-2032/jars/plexus-classworlds-2.5.1.jar"/>
    <property name="org.slf4j.simpleLogger.defaultLogLevel" value="info"/>
    <property name="java.vm.specification.version" value="1.7"/>
    <property name="sun.arch.data.model" value="64"/>
    <property name="java.home" value="/Applications/MyEclipse 2015/MyEclipse 2015.app/Contents/Profile/binary/com.sun.java.jdk7.macosx.x86_64_1.7.0.u45/jre"/>
    <property name="sun.java.command" value="org.codehaus.plexus.classworlds.launcher.Launcher -B install"/>
    <property name="java.specification.vendor" value="Oracle Corporation"/>
    <property name="user.language" value="zh"/>
    <property name="awt.toolkit" value="sun.lwawt.macosx.LWCToolkit"/>
    <property name="java.vm.info" value="mixed mode"/>
    <property name="java.version" value="1.7.0_45"/>
    <property name="java.ext.dirs" value="/Users/fzcheng/Library/Java/Extensions:/Applications/MyEclipse 2015/MyEclipse 2015.app/Contents/Profile/binary/com.sun.java.jdk7.macosx.x86_64_1.7.0.u45/jre/lib/ext:/Library/Java/Extensions:/Network/Library/Java/Extensions:/System/Library/Java/Extensions:/usr/lib/java"/>
    <property name="sun.boot.class.path" value="/Applications/MyEclipse 2015/MyEclipse 2015.app/Contents/Profile/binary/com.sun.java.jdk7.macosx.x86_64_1.7.0.u45/jre/lib/resources.jar:/Applications/MyEclipse 2015/MyEclipse 2015.app/Contents/Profile/binary/com.sun.java.jdk7.macosx.x86_64_1.7.0.u45/jre/lib/rt.jar:/Applications/MyEclipse 2015/MyEclipse 2015.app/Contents/Profile/binary/com.sun.java.jdk7.macosx.x86_64_1.7.0.u45/jre/lib/sunrsasign.jar:/Applications/MyEclipse 2015/MyEclipse 2015.app/Contents/Profile/binary/com.sun.java.jdk7.macosx.x86_64_1.7.0.u45/jre/lib/jsse.jar:/Applications/MyEclipse 2015/MyEclipse 2015.app/Contents/Profile/binary/com.sun.java.jdk7.macosx.x86_64_1.7.0.u45/jre/lib/jce.jar:/Applications/MyEclipse 2015/MyEclipse 2015.app/Contents/Profile/binary/com.sun.java.jdk7.macosx.x86_64_1.7.0.u45/jre/lib/charsets.jar:/Applications/MyEclipse 2015/MyEclipse 2015.app/Contents/Profile/binary/com.sun.java.jdk7.macosx.x86_64_1.7.0.u45/jre/lib/jfr.jar:/Applications/MyEclipse 2015/MyEclipse 2015.app/Contents/Profile/binary/com.sun.java.jdk7.macosx.x86_64_1.7.0.u45/jre/lib/JObjC.jar:/Applications/MyEclipse 2015/MyEclipse 2015.app/Contents/Profile/binary/com.sun.java.jdk7.macosx.x86_64_1.7.0.u45/jre/classes"/>
    <property name="java.vendor" value="Oracle Corporation"/>
    <property name="maven.home" value="/Users/fzcheng/Documents/bird_pay_sdk/server/cs-commons/cs-tools/EMBEDDED"/>
    <property name="file.separator" value="/"/>
    <property name="java.vendor.url.bug" value="http://bugreport.sun.com/bugreport/"/>
    <property name="sun.cpu.endian" value="little"/>
    <property name="sun.io.unicode.encoding" value="UnicodeBig"/>
    <property name="socksNonProxyHosts" value="local|*.local|169.254/16|*.169.254/16"/>
    <property name="ftp.nonProxyHosts" value="local|*.local|169.254/16|*.169.254/16"/>
    <property name="sun.cpu.isalist" value=""/>
  </properties>
</testsuite>